# JRE version: OpenJDK Runtime Environment (17.0.1+12) (build 17.0.1+12-39)
# Java VM: OpenJDK 64-Bit Server VM (17.0.1+12-39, mixed mode, sharing, tiered, compressed oops, compressed class ptrs, g1 gc, windows-amd64)
GC Precious Log:
 CPUs: 8 total, 8 available
 Memory: 6091M
 Large Page Support: Disabled
 NUMA Support: Disabled
 Compressed Oops: Enabled (32-bit)
 Heap Region Size: 1M
 Heap Min Capacity: 8M
 Heap Initial Capacity: 96M
 Heap Max Capacity: 1524M
 Pre-touch: Disabled
 Parallel Workers: 8
 Concurrent Workers: 2
 Concurrent Refinement Workers: 8
 Periodic GC: Disabled
Heap:
 garbage-first heap   total 174080K, used 107355K [0x00000000a0c00000, 0x0000000100000000)
  region size 1024K, 3 young (3072K), 2 survivors (2048K)
 Metaspace       used 7178K, committed 7360K, reserved 1056768K
  class space    used 793K, committed 896K, reserved 1048576K
GC Heap History (10 events):
Event: 0.533 GC heap before
{Heap before GC invocations=0 (full 0):
 garbage-first heap   total 98304K, used 19456K [0x00000000a0c00000, 0x0000000100000000)
  region size 1024K, 14 young (14336K), 0 survivors (0K)
 Metaspace       used 4714K, committed 4864K, reserved 1056768K
  class space    used 492K, committed 576K, reserved 1048576K
}
Event: 0.538 GC heap after
{Heap after GC invocations=1 (full 0):
 garbage-first heap   total 98304K, used 9664K [0x00000000a0c00000, 0x0000000100000000)
  region size 1024K, 3 young (3072K), 3 survivors (3072K)
 Metaspace       used 4714K, committed 4864K, reserved 1056768K
  class space    used 492K, committed 576K, reserved 1048576K
}
Event: 0.694 GC heap before
{Heap before GC invocations=1 (full 0):
 garbage-first heap   total 174080K, used 125376K [0x00000000a0c00000, 0x0000000100000000)
  region size 1024K, 28 young (28672K), 3 survivors (3072K)
 Metaspace       used 4716K, committed 4864K, reserved 1056768K
  class space    used 492K, committed 576K, reserved 1048576K
}
Event: 0.697 GC heap after
{Heap after GC invocations=2 (full 0):
 garbage-first heap   total 174080K, used 100044K [0x00000000a0c00000, 0x0000000100000000)
  region size 1024K, 1 young (1024K), 1 survivors (1024K)
 Metaspace       used 4716K, committed 4864K, reserved 1056768K
  class space    used 492K, committed 576K, reserved 1048576K
}
Event: 0.825 GC heap before
{Heap before GC invocations=2 (full 0):
 garbage-first heap   total 174080K, used 148172K [0x00000000a0c00000, 0x0000000100000000)
  region size 1024K, 48 young (49152K), 1 survivors (1024K)
 Metaspace       used 4716K, committed 4864K, reserved 1056768K
  class space    used 492K, committed 576K, reserved 1048576K
}
Event: 0.826 GC heap after
{Heap after GC invocations=3 (full 0):
 garbage-first heap   total 174080K, used 99763K [0x00000000a0c00000, 0x0000000100000000)
  region size 1024K, 1 young (1024K), 1 survivors (1024K)
 Metaspace       used 4716K, committed 4864K, reserved 1056768K
  class space    used 492K, committed 576K, reserved 1048576K
}
Event: 1.269 GC heap before
{Heap before GC invocations=4 (full 0):
 garbage-first heap   total 174080K, used 149939K [0x00000000a0c00000, 0x0000000100000000)
  region size 1024K, 51 young (52224K), 1 survivors (1024K)
 Metaspace       used 4716K, committed 4864K, reserved 1056768K
  class space    used 492K, committed 576K, reserved 1048576K
}
Event: 1.270 GC heap after
{Heap after GC invocations=5 (full 0):
 garbage-first heap   total 174080K, used 100098K [0x00000000a0c00000, 0x0000000100000000)
  region size 1024K, 1 young (1024K), 1 survivors (1024K)
 Metaspace       used 4716K, committed 4864K, reserved 1056768K
  class space    used 492K, committed 576K, reserved 1048576K
}
Event: 1559.196 GC heap before
{Heap before GC invocations=5 (full 0):
 garbage-first heap   total 174080K, used 105218K [0x00000000a0c00000, 0x0000000100000000)
  region size 1024K, 7 young (7168K), 1 survivors (1024K)
 Metaspace       used 7222K, committed 7360K, reserved 1056768K
  class space    used 804K, committed 896K, reserved 1048576K
}
Event: 1559.267 GC heap after
{Heap after GC invocations=6 (full 0):
 garbage-first heap   total 174080K, used 101211K [0x00000000a0c00000, 0x0000000100000000)
  region size 1024K, 2 young (2048K), 2 survivors (2048K)
 Metaspace       used 7222K, committed 7360K, reserved 1056768K
  class space    used 804K, committed 896K, reserved 1048576K
}

